<?xml version="1.0" encoding="UTF-8"?>
<testsuite xmlns:xsi="http://www.w3.org/2001/XMLSchema-instance" xsi:noNamespaceSchemaLocation="https://maven.apache.org/surefire/maven-surefire-plugin/xsd/surefire-test-report-3.0.xsd" version="3.0" name="BankingSystemTest" time="0.064" tests="13" errors="0" skipped="0" failures="1">
  <properties>
    <property name="java.specification.version" value="17"/>
    <property name="sun.cpu.isalist" value="amd64"/>
    <property name="sun.jnu.encoding" value="Cp1252"/>
    <property name="java.class.path" value="C:\Users\jk2396\OneDrive - Northern Arizona University\567proj\project\target\test-classes;C:\Users\jk2396\OneDrive - Northern Arizona University\567proj\project\target\classes;C:\Users\jk2396\.m2\repository\junit\junit\4.13.2\junit-4.13.2.jar;C:\Users\jk2396\.m2\repository\org\hamcrest\hamcrest-core\1.3\hamcrest-core-1.3.jar;"/>
    <property name="java.vm.vendor" value="Oracle Corporation"/>
    <property name="sun.arch.data.model" value="64"/>
    <property name="user.variant" value=""/>
    <property name="java.vendor.url" value="https://java.oracle.com/"/>
    <property name="user.timezone" value="America/Phoenix"/>
    <property name="os.name" value="Windows 10"/>
    <property name="java.vm.specification.version" value="17"/>
    <property name="sun.java.launcher" value="SUN_STANDARD"/>
    <property name="user.country" value="US"/>
    <property name="sun.boot.library.path" value="C:\Users\jk2396\.jdks\graalvm-jdk-17.0.11\bin"/>
    <property name="sun.java.command" value="C:\Users\jk2396\AppData\Local\Temp\surefire4096687371337700602\surefirebooter-20240506143119104_3.jar C:\Users\jk2396\AppData\Local\Temp\surefire4096687371337700602 2024-05-06T14-31-17_977-jvmRun1 surefire-20240506143119104_1tmp surefire_0-20240506143119104_2tmp"/>
    <property name="jdk.debug" value="release"/>
    <property name="surefire.test.class.path" value="C:\Users\jk2396\OneDrive - Northern Arizona University\567proj\project\target\test-classes;C:\Users\jk2396\OneDrive - Northern Arizona University\567proj\project\target\classes;C:\Users\jk2396\.m2\repository\junit\junit\4.13.2\junit-4.13.2.jar;C:\Users\jk2396\.m2\repository\org\hamcrest\hamcrest-core\1.3\hamcrest-core-1.3.jar;"/>
    <property name="sun.cpu.endian" value="little"/>
    <property name="user.home" value="C:\Users\jk2396"/>
    <property name="user.language" value="en"/>
    <property name="java.specification.vendor" value="Oracle Corporation"/>
    <property name="java.version.date" value="2024-04-16"/>
    <property name="java.home" value="C:\Users\jk2396\.jdks\graalvm-jdk-17.0.11"/>
    <property name="file.separator" value="\"/>
    <property name="basedir" value="C:\Users\jk2396\OneDrive - Northern Arizona University\567proj\project"/>
    <property name="java.vm.compressedOopsMode" value="Zero based"/>
    <property name="jdk.internal.vm.ci.enabled" value="true"/>
    <property name="line.separator" value="&#10;"/>
    <property name="java.vm.specification.vendor" value="Oracle Corporation"/>
    <property name="java.specification.name" value="Java Platform API Specification"/>
    <property name="surefire.real.class.path" value="C:\Users\jk2396\AppData\Local\Temp\surefire4096687371337700602\surefirebooter-20240506143119104_3.jar"/>
    <property name="user.script" value=""/>
    <property name="sun.management.compiler" value="HotSpot 64-Bit Tiered Compilers"/>
    <property name="java.runtime.version" value="17.0.11+7-LTS-jvmci-23.0-b34"/>
    <property name="user.name" value="jk2396"/>
    <property name="path.separator" value=";"/>
    <property name="os.version" value="10.0"/>
    <property name="java.runtime.name" value="Java(TM) SE Runtime Environment"/>
    <property name="file.encoding" value="Cp1252"/>
    <property name="java.vm.name" value="Java HotSpot(TM) 64-Bit Server VM"/>
    <property name="java.vendor.version" value="Oracle GraalVM 17.0.11+7.1"/>
    <property name="localRepository" value="C:\Users\jk2396\.m2\repository"/>
    <property name="java.vendor.url.bug" value="https://bugreport.java.com/bugreport/"/>
    <property name="java.io.tmpdir" value="C:\Users\jk2396\AppData\Local\Temp\"/>
    <property name="java.version" value="17.0.11"/>
    <property name="user.dir" value="C:\Users\jk2396\OneDrive - Northern Arizona University\567proj\project"/>
    <property name="os.arch" value="amd64"/>
    <property name="java.vm.specification.name" value="Java Virtual Machine Specification"/>
    <property name="sun.os.patch.level" value=""/>
    <property name="native.encoding" value="Cp1252"/>
    <property name="java.library.path" value="C:\Users\jk2396\.jdks\graalvm-jdk-17.0.11\bin;C:\WINDOWS\Sun\Java\bin;C:\WINDOWS\system32;C:\WINDOWS;C:\WINDOWS\system32;C:\WINDOWS;C:\WINDOWS\System32\Wbem;C:\WINDOWS\System32\WindowsPowerShell\v1.0\;C:\WINDOWS\System32\OpenSSH\;C:\WINDOWS\System32\NAU_Software;C:\WINDOWS\system32;C:\WINDOWS;C:\WINDOWS\System32\Wbem;C:\WINDOWS\System32\WindowsPowerShell\v1.0\;C:\WINDOWS\System32\OpenSSH\;C:\Program Files\PuTTY\;C:\Users\jk2396\AppData\Local\Microsoft\WindowsApps;C:\Users\jk2396\AppData\Local\Programs\Git\cmd;C:\Users\jk2396\AppData\Local\Programs\VSCodium\bin;C:\Users\jk2396\AppData\Local\Programs\Microsoft VS Code\bin;C:\Users\jk2396\nvm-noinstall;C:\Users\jk2396\.nvm;C:\Users\jk2396\.jdks\graalvm-jdk-17.0.11\bin;C:\Users\jk2396\nvm-noinstall;C:\Users\jk2396\nvm-noinstall\v22.1.0;C:\Users\jk2396\apache-maven-3.9.6\bin;C:\Users\jk2396\.jdks\graalvm-jdk-17.0.11;;."/>
    <property name="java.vm.info" value="mixed mode, sharing"/>
    <property name="java.vendor" value="Oracle Corporation"/>
    <property name="java.vm.version" value="17.0.11+7-LTS-jvmci-23.0-b34"/>
    <property name="sun.io.unicode.encoding" value="UnicodeLittle"/>
    <property name="java.class.version" value="61.0"/>
  </properties>
  <testcase name="testWithdrawSufficientBalance" classname="BankingSystemTest" time="0.019">
    <system-out><![CDATA[Withdrawal successful.
]]></system-out>
  </testcase>
  <testcase name="testCreateAccount" classname="BankingSystemTest" time="0.0"/>
  <testcase name="testCheckBalanceNonExistentAccount" classname="BankingSystemTest" time="0.001">
    <system-out><![CDATA[Account not found.
]]></system-out>
  </testcase>
  <testcase name="testWithdrawInsufficientBalance" classname="BankingSystemTest" time="0.0">
    <system-out><![CDATA[Invalid amount or insufficient balance for withdrawal.
]]></system-out>
  </testcase>
  <testcase name="testCreateDuplicateAccount" classname="BankingSystemTest" time="0.0">
    <system-out><![CDATA[Account with this account number already exists.
]]></system-out>
  </testcase>
  <testcase name="testTransferInsufficientBalance" classname="BankingSystemTest" time="0.0">
    <failure message="expected:&lt;500.0&gt; but was:&lt;2500.0&gt;" type="java.lang.AssertionError"><![CDATA[java.lang.AssertionError: expected:<500.0> but was:<2500.0>
	at org.junit.Assert.fail(Assert.java:89)
	at org.junit.Assert.failNotEquals(Assert.java:835)
	at org.junit.Assert.assertEquals(Assert.java:555)
	at org.junit.Assert.assertEquals(Assert.java:685)
	at BankingSystemTest.testTransferInsufficientBalance(BankingSystemTest.java:85)
	at java.base/jdk.internal.reflect.NativeMethodAccessorImpl.invoke0(Native Method)
	at java.base/jdk.internal.reflect.NativeMethodAccessorImpl.invoke(NativeMethodAccessorImpl.java:77)
	at java.base/jdk.internal.reflect.DelegatingMethodAccessorImpl.invoke(DelegatingMethodAccessorImpl.java:43)
	at java.base/java.lang.reflect.Method.invoke(Method.java:568)
	at org.junit.runners.model.FrameworkMethod$1.runReflectiveCall(FrameworkMethod.java:59)
	at org.junit.internal.runners.model.ReflectiveCallable.run(ReflectiveCallable.java:12)
	at org.junit.runners.model.FrameworkMethod.invokeExplosively(FrameworkMethod.java:56)
	at org.junit.internal.runners.statements.InvokeMethod.evaluate(InvokeMethod.java:17)
	at org.junit.internal.runners.statements.RunBefores.evaluate(RunBefores.java:26)
	at org.junit.runners.ParentRunner$3.evaluate(ParentRunner.java:306)
	at org.junit.runners.BlockJUnit4ClassRunner$1.evaluate(BlockJUnit4ClassRunner.java:100)
	at org.junit.runners.ParentRunner.runLeaf(ParentRunner.java:366)
	at org.junit.runners.BlockJUnit4ClassRunner.runChild(BlockJUnit4ClassRunner.java:103)
	at org.junit.runners.BlockJUnit4ClassRunner.runChild(BlockJUnit4ClassRunner.java:63)
	at org.junit.runners.ParentRunner$4.run(ParentRunner.java:331)
	at org.junit.runners.ParentRunner$1.schedule(ParentRunner.java:79)
	at org.junit.runners.ParentRunner.runChildren(ParentRunner.java:329)
	at org.junit.runners.ParentRunner.access$100(ParentRunner.java:66)
	at org.junit.runners.ParentRunner$2.evaluate(ParentRunner.java:293)
	at org.junit.runners.ParentRunner$3.evaluate(ParentRunner.java:306)
	at org.junit.runners.ParentRunner.run(ParentRunner.java:413)
	at org.apache.maven.surefire.junit4.JUnit4Provider.execute(JUnit4Provider.java:316)
	at org.apache.maven.surefire.junit4.JUnit4Provider.executeWithRerun(JUnit4Provider.java:240)
	at org.apache.maven.surefire.junit4.JUnit4Provider.executeTestSet(JUnit4Provider.java:214)
	at org.apache.maven.surefire.junit4.JUnit4Provider.invoke(JUnit4Provider.java:155)
	at org.apache.maven.surefire.booter.ForkedBooter.runSuitesInProcess(ForkedBooter.java:385)
	at org.apache.maven.surefire.booter.ForkedBooter.execute(ForkedBooter.java:162)
	at org.apache.maven.surefire.booter.ForkedBooter.run(ForkedBooter.java:507)
	at org.apache.maven.surefire.booter.ForkedBooter.main(ForkedBooter.java:495)
]]></failure>
    <system-out><![CDATA[Invalid amount or insufficient balance for withdrawal.
Deposit successful.
]]></system-out>
  </testcase>
  <testcase name="testTransferBetweenSameAccount" classname="BankingSystemTest" time="0.0">
    <system-out><![CDATA[Withdrawal successful.
Deposit successful.
]]></system-out>
  </testcase>
  <testcase name="testCheckBalance" classname="BankingSystemTest" time="0.0"/>
  <testcase name="testDepositNegativeAmount" classname="BankingSystemTest" time="0.0">
    <system-out><![CDATA[Invalid amount for deposit.
]]></system-out>
  </testcase>
  <testcase name="testDeposit" classname="BankingSystemTest" time="0.0">
    <system-out><![CDATA[Deposit successful.
]]></system-out>
  </testcase>
  <testcase name="testWithdrawNegativeAmount" classname="BankingSystemTest" time="0.0">
    <system-out><![CDATA[Invalid amount or insufficient balance for withdrawal.
]]></system-out>
  </testcase>
  <testcase name="testWithdrawZeroAmount" classname="BankingSystemTest" time="0.01">
    <system-out><![CDATA[Invalid amount or insufficient balance for withdrawal.
]]></system-out>
  </testcase>
  <testcase name="testTransfer" classname="BankingSystemTest" time="0.001">
    <system-out><![CDATA[Withdrawal successful.
Deposit successful.
]]></system-out>
  </testcase>
</testsuite>