<?xml version="1.0" encoding="UTF-8"?>
<testsuite xmlns:xsi="http://www.w3.org/2001/XMLSchema-instance" xsi:noNamespaceSchemaLocation="https://maven.apache.org/surefire/maven-surefire-plugin/xsd/surefire-test-report-3.0.xsd" version="3.0" name="BankingSystemTest" time="0.064" tests="13" errors="0" skipped="0" failures="1">
  <properties>
[...]
</properties>
  <testcase name="testWithdrawSufficientBalance" classname="BankingSystemTest" time="0.019">
    <system-out><![CDATA[Withdrawal successful.
]]></system-out>
  </testcase>
  <testcase name="testCreateAccount" classname="BankingSystemTest" time="0.0"/>
  <testcase name="testCheckBalanceNonExistentAccount" classname="BankingSystemTest" time="0.001">
    <system-out><![CDATA[Account not found.
]]></system-out>
  </testcase>
  <testcase name="testWithdrawInsufficientBalance" classname="BankingSystemTest" time="0.0">
    <system-out><![CDATA[Invalid amount or insufficient balance for withdrawal.
]]></system-out>
  </testcase>
  <testcase name="testCreateDuplicateAccount" classname="BankingSystemTest" time="0.0">
    <system-out><![CDATA[Account with this account number already exists.
]]></system-out>
  </testcase>
  <testcase name="testTransferInsufficientBalance" classname="BankingSystemTest" time="0.0">
    <failure message="expected:&lt;500.0&gt; but was:&lt;2500.0&gt;" type="java.lang.AssertionError"><![CDATA[java.lang.AssertionError: expected:<500.0> but was:<2500.0>
	at org.junit.Assert.fail(Assert.java:89)
	at org.junit.Assert.failNotEquals(Assert.java:835)
	at org.junit.Assert.assertEquals(Assert.java:555)
	at org.junit.Assert.assertEquals(Assert.java:685)
	at BankingSystemTest.testTransferInsufficientBalance(BankingSystemTest.java:85)
	at java.base/jdk.internal.reflect.NativeMethodAccessorImpl.invoke0(Native Method)
	at java.base/jdk.internal.reflect.NativeMethodAccessorImpl.invoke(NativeMethodAccessorImpl.java:77)
	at java.base/jdk.internal.reflect.DelegatingMethodAccessorImpl.invoke(DelegatingMethodAccessorImpl.java:43)
	at java.base/java.lang.reflect.Method.invoke(Method.java:568)
	at org.junit.runners.model.FrameworkMethod$1.runReflectiveCall(FrameworkMethod.java:59)
	at org.junit.internal.runners.model.ReflectiveCallable.run(ReflectiveCallable.java:12)
	at org.junit.runners.model.FrameworkMethod.invokeExplosively(FrameworkMethod.java:56)
	at org.junit.internal.runners.statements.InvokeMethod.evaluate(InvokeMethod.java:17)
	at org.junit.internal.runners.statements.RunBefores.evaluate(RunBefores.java:26)
	at org.junit.runners.ParentRunner$3.evaluate(ParentRunner.java:306)
	at org.junit.runners.BlockJUnit4ClassRunner$1.evaluate(BlockJUnit4ClassRunner.java:100)
	at org.junit.runners.ParentRunner.runLeaf(ParentRunner.java:366)
	at org.junit.runners.BlockJUnit4ClassRunner.runChild(BlockJUnit4ClassRunner.java:103)
	at org.junit.runners.BlockJUnit4ClassRunner.runChild(BlockJUnit4ClassRunner.java:63)
	at org.junit.runners.ParentRunner$4.run(ParentRunner.java:331)
	at org.junit.runners.ParentRunner$1.schedule(ParentRunner.java:79)
	at org.junit.runners.ParentRunner.runChildren(ParentRunner.java:329)
	at org.junit.runners.ParentRunner.access$100(ParentRunner.java:66)
	at org.junit.runners.ParentRunner$2.evaluate(ParentRunner.java:293)
	at org.junit.runners.ParentRunner$3.evaluate(ParentRunner.java:306)
	at org.junit.runners.ParentRunner.run(ParentRunner.java:413)
	at org.apache.maven.surefire.junit4.JUnit4Provider.execute(JUnit4Provider.java:316)
	at org.apache.maven.surefire.junit4.JUnit4Provider.executeWithRerun(JUnit4Provider.java:240)
	at org.apache.maven.surefire.junit4.JUnit4Provider.executeTestSet(JUnit4Provider.java:214)
	at org.apache.maven.surefire.junit4.JUnit4Provider.invoke(JUnit4Provider.java:155)
	at org.apache.maven.surefire.booter.ForkedBooter.runSuitesInProcess(ForkedBooter.java:385)
	at org.apache.maven.surefire.booter.ForkedBooter.execute(ForkedBooter.java:162)
	at org.apache.maven.surefire.booter.ForkedBooter.run(ForkedBooter.java:507)
	at org.apache.maven.surefire.booter.ForkedBooter.main(ForkedBooter.java:495)
]]></failure>
    <system-out><![CDATA[Invalid amount or insufficient balance for withdrawal.
Deposit successful.
]]></system-out>
  </testcase>
  <testcase name="testTransferBetweenSameAccount" classname="BankingSystemTest" time="0.0">
    <system-out><![CDATA[Withdrawal successful.
Deposit successful.
]]></system-out>
  </testcase>
  <testcase name="testCheckBalance" classname="BankingSystemTest" time="0.0"/>
  <testcase name="testDepositNegativeAmount" classname="BankingSystemTest" time="0.0">
    <system-out><![CDATA[Invalid amount for deposit.
]]></system-out>
  </testcase>
  <testcase name="testDeposit" classname="BankingSystemTest" time="0.0">
    <system-out><![CDATA[Deposit successful.
]]></system-out>
  </testcase>
  <testcase name="testWithdrawNegativeAmount" classname="BankingSystemTest" time="0.0">
    <system-out><![CDATA[Invalid amount or insufficient balance for withdrawal.
]]></system-out>
  </testcase>
  <testcase name="testWithdrawZeroAmount" classname="BankingSystemTest" time="0.01">
    <system-out><![CDATA[Invalid amount or insufficient balance for withdrawal.
]]></system-out>
  </testcase>
  <testcase name="testTransfer" classname="BankingSystemTest" time="0.001">
    <system-out><![CDATA[Withdrawal successful.
Deposit successful.
]]></system-out>
  </testcase>
</testsuite>